2026-05-13 16:21:14,377 - INFO - Creating vendor summary table
2026-05-13 16:21:25,724 - INFO -    VendorNumber                   VendorName  Brand              Description  \
0          1128  BROWN-FORMAN CORP             1233  Jack Daniels No 7 Black   
1          4425        MARTIGNETTI COMPANIES   3405    Tito's Handmade Vodka   
2         17035  PERNOD RICARD USA             8068         Absolut 80 Proof   
3          3960  DIAGEO NORTH AMERICA INC      4261   Capt Morgan Spiced Rum   
4          3960  DIAGEO NORTH AMERICA INC      3545          Ketel One Vodka   

   PurchasePrice  actualprice Volume  totalpurchasequantity  \
0          26.27        36.99   1750               145080.0   
1          23.19        28.99   1750               164038.0   
2          18.24        24.99   1750               187407.0   
3          16.17        22.99   1750               201682.0   
4          21.89        29.99   1750               138109.0   

   totalpurchasedollars  totalsalesdollars  totalsalesprice  \
0            3811251.60         5101919.51        672819.31   
1            3804041.22         4819073.49        561512.37   
2            3418303.68         4538120.60        461140.15   
3            3261197.94         4475972.88        420050.01   
4            3023206.01         4223107.62        545778.28   

   totalsalesquantity  totalexcisetax  freightcost  
0            142049.0       260999.20     68601.68  
1            160247.0       294438.66    144929.24  
2            187140.0       343854.07    123780.22  
3            200412.0       368242.80    257032.07  
4            135838.0       249587.83    257032.07  
2026-05-13 16:21:25,746 - INFO - Cleaning data
2026-05-13 16:22:42,928 - INFO - Creating vendor summary table
2026-05-13 16:22:53,769 - INFO -    VendorNumber                   VendorName  Brand              Description  \
0          1128  BROWN-FORMAN CORP             1233  Jack Daniels No 7 Black   
1          4425        MARTIGNETTI COMPANIES   3405    Tito's Handmade Vodka   
2         17035  PERNOD RICARD USA             8068         Absolut 80 Proof   
3          3960  DIAGEO NORTH AMERICA INC      4261   Capt Morgan Spiced Rum   
4          3960  DIAGEO NORTH AMERICA INC      3545          Ketel One Vodka   

   PurchasePrice  actualprice Volume  totalpurchasequantity  \
0          26.27        36.99   1750               145080.0   
1          23.19        28.99   1750               164038.0   
2          18.24        24.99   1750               187407.0   
3          16.17        22.99   1750               201682.0   
4          21.89        29.99   1750               138109.0   

   totalpurchasedollars  totalsalesdollars  totalsalesprice  \
0            3811251.60         5101919.51        672819.31   
1            3804041.22         4819073.49        561512.37   
2            3418303.68         4538120.60        461140.15   
3            3261197.94         4475972.88        420050.01   
4            3023206.01         4223107.62        545778.28   

   totalsalesquantity  totalexcisetax  freightcost  
0            142049.0       260999.20     68601.68  
1            160247.0       294438.66    144929.24  
2            187140.0       343854.07    123780.22  
3            200412.0       368242.80    257032.07  
4            135838.0       249587.83    257032.07  
2026-05-13 16:22:53,778 - INFO - Cleaning data
2026-05-13 16:22:53,791 - INFO -    VendorNumber                   VendorName  Brand              Description  \
0          1128  BROWN-FORMAN CORP             1233  Jack Daniels No 7 Black   
1          4425        MARTIGNETTI COMPANIES   3405    Tito's Handmade Vodka   
2         17035  PERNOD RICARD USA             8068         Absolut 80 Proof   
3          3960  DIAGEO NORTH AMERICA INC      4261   Capt Morgan Spiced Rum   
4          3960  DIAGEO NORTH AMERICA INC      3545          Ketel One Vodka   

   PurchasePrice  actualprice Volume  totalpurchasequantity  \
0          26.27        36.99   1750               145080.0   
1          23.19        28.99   1750               164038.0   
2          18.24        24.99   1750               187407.0   
3          16.17        22.99   1750               201682.0   
4          21.89        29.99   1750               138109.0   

   totalpurchasedollars  totalsalesdollars  totalsalesprice  \
0            3811251.60         5101919.51        672819.31   
1            3804041.22         4819073.49        561512.37   
2            3418303.68         4538120.60        461140.15   
3            3261197.94         4475972.88        420050.01   
4            3023206.01         4223107.62        545778.28   

   totalsalesquantity  totalexcisetax  freightcost  
0            142049.0       260999.20     68601.68  
1            160247.0       294438.66    144929.24  
2            187140.0       343854.07    123780.22  
3            200412.0       368242.80    257032.07  
4            135838.0       249587.83    257032.07  
2026-05-13 16:22:53,800 - INFO - Ingesting data
2026-05-13 16:23:01,048 - INFO - Completed
